<?xml version="1.0" encoding="UTF-8"?>
<!-- Generated by org.testng.reporters.JUnitReportReporter -->
<testsuite hostname="administrador-Lenovo-ideapad-330S-15IKB" failures="0" tests="1" name="Tests.MainPageTest" time="13.733" errors="0" timestamp="2020-10-18T15:46:56 CST" skipped="0">
  <testcase classname="Tests.MainPageTest" name="verifyPageHasLoaded" time="13.733"/>
  <system-out/>
</testsuite> <!-- Tests.MainPageTest -->
