<?xml version="1.0" encoding="UTF-8"?>
<!-- Generated by org.testng.reporters.JUnitReportReporter -->
<testsuite hostname="administrador-Lenovo-ideapad-330S-15IKB" failures="0" tests="1" name="MainPage" time="8.843" errors="0" timestamp="2020-10-18T12:49:29 CST" skipped="0">
  <testcase classname="MainPage" name="verifyPageHasLoaded" time="8.843"/>
  <system-out/>
</testsuite> <!-- MainPage -->
